2025-12-23 14:08:07,989 - INFO - ============================================================
2025-12-23 14:08:07,992 - INFO - INICIANDO BRONZE INGESTOR PIPELINE
2025-12-23 14:08:07,995 - INFO - ============================================================
2025-12-23 14:08:07,998 - INFO - Carpetas de destino verificadas/creadas exitosamente
2025-12-23 14:08:08,105 - INFO - Archivos encontrados: 100
2025-12-23 14:08:08,111 - INFO - Iniciando proceso: data_batch_20251222_090037_100.log
2025-12-23 14:08:08,117 - INFO - Tamaño detectado: 47 bytes
2025-12-23 14:08:08,592 - INFO - Finalizado intento para data_batch_20251222_090037_100.log
2025-12-23 14:08:08,602 - INFO - Iniciando proceso: data_batch_20251222_090537_99.json
2025-12-23 14:08:08,602 - INFO - Tamaño detectado: 57 bytes
2025-12-23 14:08:08,617 - INFO - Finalizado intento para data_batch_20251222_090537_99.json
2025-12-23 14:08:08,619 - INFO - Iniciando proceso: data_batch_20251222_091037_98.csv
2025-12-23 14:08:08,621 - INFO - Tamaño detectado: 39 bytes
2025-12-23 14:08:08,635 - INFO - Finalizado intento para data_batch_20251222_091037_98.csv
2025-12-23 14:08:08,637 - INFO - Iniciando proceso: data_batch_20251222_091537_97.xml
2025-12-23 14:08:08,640 - INFO - Tamaño detectado: 0 bytes
2025-12-23 14:08:08,658 - INFO - Finalizado intento para data_batch_20251222_091537_97.xml
2025-12-23 14:08:08,662 - INFO - Iniciando proceso: data_batch_20251222_092037_96.json
2025-12-23 14:08:08,666 - INFO - Tamaño detectado: 57 bytes
2025-12-23 14:08:08,676 - INFO - Finalizado intento para data_batch_20251222_092037_96.json
2025-12-23 14:08:08,679 - INFO - Iniciando proceso: data_batch_20251222_092537_95.json
2025-12-23 14:08:08,683 - INFO - Tamaño detectado: 57 bytes
2025-12-23 14:08:08,694 - INFO - Finalizado intento para data_batch_20251222_092537_95.json
2025-12-23 14:08:08,698 - INFO - Iniciando proceso: data_batch_20251222_093037_94.csv
2025-12-23 14:08:08,701 - INFO - Tamaño detectado: 39 bytes
2025-12-23 14:08:08,718 - INFO - Finalizado intento para data_batch_20251222_093037_94.csv
2025-12-23 14:08:08,723 - INFO - Iniciando proceso: data_batch_20251222_093537_93.json
2025-12-23 14:08:08,731 - INFO - Tamaño detectado: 57 bytes
2025-12-23 14:08:08,744 - INFO - Finalizado intento para data_batch_20251222_093537_93.json
2025-12-23 14:08:08,748 - INFO - Iniciando proceso: data_batch_20251222_094037_92.json
2025-12-23 14:08:08,750 - INFO - Tamaño detectado: 0 bytes
2025-12-23 14:08:08,770 - INFO - Finalizado intento para data_batch_20251222_094037_92.json
2025-12-23 14:08:08,774 - INFO - Iniciando proceso: data_batch_20251222_094537_91.log
2025-12-23 14:08:08,777 - INFO - Tamaño detectado: 46 bytes
2025-12-23 14:08:08,825 - INFO - Finalizado intento para data_batch_20251222_094537_91.log
2025-12-23 14:08:08,827 - INFO - Iniciando proceso: data_batch_20251222_095037_90.xml
2025-12-23 14:08:08,834 - INFO - Tamaño detectado: 46 bytes
2025-12-23 14:08:08,857 - INFO - Finalizado intento para data_batch_20251222_095037_90.xml
2025-12-23 14:08:08,857 - INFO - Iniciando proceso: data_batch_20251222_095537_89.csv
2025-12-23 14:08:08,868 - INFO - Tamaño detectado: 39 bytes
2025-12-23 14:08:08,885 - INFO - Finalizado intento para data_batch_20251222_095537_89.csv
2025-12-23 14:08:08,888 - INFO - Iniciando proceso: data_batch_20251222_100037_88.csv
2025-12-23 14:08:08,891 - INFO - Tamaño detectado: 38 bytes
2025-12-23 14:08:08,960 - INFO - Finalizado intento para data_batch_20251222_100037_88.csv
2025-12-23 14:08:08,962 - INFO - Iniciando proceso: data_batch_20251222_100537_87.xml
2025-12-23 14:08:08,965 - INFO - Tamaño detectado: 0 bytes
2025-12-23 14:08:08,986 - INFO - Finalizado intento para data_batch_20251222_100537_87.xml
2025-12-23 14:08:08,989 - INFO - Iniciando proceso: data_batch_20251222_101037_86.xml
2025-12-23 14:08:09,001 - INFO - Tamaño detectado: 46 bytes
2025-12-23 14:08:09,033 - INFO - Finalizado intento para data_batch_20251222_101037_86.xml
2025-12-23 14:08:09,036 - INFO - Iniciando proceso: data_batch_20251222_101537_85.json
2025-12-23 14:08:09,040 - INFO - Tamaño detectado: 0 bytes
2025-12-23 14:08:09,094 - INFO - Finalizado intento para data_batch_20251222_101537_85.json
2025-12-23 14:08:09,098 - INFO - Iniciando proceso: data_batch_20251222_102037_84.log
2025-12-23 14:08:09,101 - INFO - Tamaño detectado: 46 bytes
2025-12-23 14:08:09,118 - INFO - Finalizado intento para data_batch_20251222_102037_84.log
2025-12-23 14:08:09,121 - INFO - Iniciando proceso: data_batch_20251222_102537_83.xml
2025-12-23 14:08:09,123 - INFO - Tamaño detectado: 46 bytes
2025-12-23 14:08:09,139 - INFO - Finalizado intento para data_batch_20251222_102537_83.xml
2025-12-23 14:08:09,142 - INFO - Iniciando proceso: data_batch_20251222_103037_82.json
2025-12-23 14:08:09,144 - INFO - Tamaño detectado: 57 bytes
2025-12-23 14:08:09,246 - INFO - Finalizado intento para data_batch_20251222_103037_82.json
2025-12-23 14:08:09,246 - INFO - Iniciando proceso: data_batch_20251222_103537_81.csv
2025-12-23 14:08:09,246 - INFO - Tamaño detectado: 39 bytes
2025-12-23 14:08:09,265 - INFO - Finalizado intento para data_batch_20251222_103537_81.csv
2025-12-23 14:08:09,269 - INFO - Iniciando proceso: data_batch_20251222_104037_80.xml
2025-12-23 14:08:09,272 - INFO - Tamaño detectado: 0 bytes
2025-12-23 14:08:09,289 - INFO - Finalizado intento para data_batch_20251222_104037_80.xml
2025-12-23 14:08:09,337 - INFO - Iniciando proceso: data_batch_20251222_104537_79.csv
2025-12-23 14:08:09,339 - INFO - Tamaño detectado: 39 bytes
2025-12-23 14:08:09,348 - INFO - Finalizado intento para data_batch_20251222_104537_79.csv
2025-12-23 14:08:09,348 - INFO - Iniciando proceso: data_batch_20251222_105037_78.xml
2025-12-23 14:08:09,348 - INFO - Tamaño detectado: 46 bytes
2025-12-23 14:08:09,393 - INFO - Finalizado intento para data_batch_20251222_105037_78.xml
2025-12-23 14:08:09,400 - INFO - Iniciando proceso: data_batch_20251222_105537_77.log
2025-12-23 14:08:09,403 - INFO - Tamaño detectado: 46 bytes
2025-12-23 14:08:09,427 - INFO - Finalizado intento para data_batch_20251222_105537_77.log
2025-12-23 14:08:09,433 - INFO - Iniciando proceso: data_batch_20251222_110037_76.xml
2025-12-23 14:08:09,437 - INFO - Tamaño detectado: 46 bytes
2025-12-23 14:08:09,450 - INFO - Finalizado intento para data_batch_20251222_110037_76.xml
2025-12-23 14:08:09,453 - INFO - Iniciando proceso: data_batch_20251222_110537_75.log
2025-12-23 14:08:09,455 - INFO - Tamaño detectado: 46 bytes
2025-12-23 14:08:09,468 - INFO - Finalizado intento para data_batch_20251222_110537_75.log
2025-12-23 14:08:09,471 - INFO - Iniciando proceso: data_batch_20251222_111037_74.xml
2025-12-23 14:08:09,473 - INFO - Tamaño detectado: 46 bytes
2025-12-23 14:08:09,536 - INFO - Finalizado intento para data_batch_20251222_111037_74.xml
2025-12-23 14:08:09,539 - INFO - Iniciando proceso: data_batch_20251222_111537_73.csv
2025-12-23 14:08:09,541 - INFO - Tamaño detectado: 39 bytes
2025-12-23 14:08:09,549 - INFO - Finalizado intento para data_batch_20251222_111537_73.csv
2025-12-23 14:08:09,549 - INFO - Iniciando proceso: data_batch_20251222_112037_72.json
2025-12-23 14:08:09,549 - INFO - Tamaño detectado: 57 bytes
2025-12-23 14:08:09,564 - INFO - Finalizado intento para data_batch_20251222_112037_72.json
2025-12-23 14:08:09,564 - INFO - Iniciando proceso: data_batch_20251222_112537_71.json
2025-12-23 14:08:09,564 - INFO - Tamaño detectado: 57 bytes
2025-12-23 14:08:09,596 - INFO - Finalizado intento para data_batch_20251222_112537_71.json
2025-12-23 14:08:09,596 - INFO - Iniciando proceso: data_batch_20251222_113037_70.log
2025-12-23 14:08:09,596 - INFO - Tamaño detectado: 0 bytes
2025-12-23 14:08:09,619 - INFO - Finalizado intento para data_batch_20251222_113037_70.log
2025-12-23 14:08:09,621 - INFO - Iniciando proceso: data_batch_20251222_113537_69.json
2025-12-23 14:08:09,623 - INFO - Tamaño detectado: 57 bytes
2025-12-23 14:08:09,641 - INFO - Finalizado intento para data_batch_20251222_113537_69.json
2025-12-23 14:08:09,643 - INFO - Iniciando proceso: data_batch_20251222_114037_68.log
2025-12-23 14:08:09,671 - INFO - Tamaño detectado: 46 bytes
2025-12-23 14:08:09,680 - INFO - Finalizado intento para data_batch_20251222_114037_68.log
2025-12-23 14:08:09,680 - INFO - Iniciando proceso: data_batch_20251222_114537_67.json
2025-12-23 14:08:09,680 - INFO - Tamaño detectado: 57 bytes
2025-12-23 14:08:09,731 - INFO - Finalizado intento para data_batch_20251222_114537_67.json
2025-12-23 14:08:09,744 - INFO - Iniciando proceso: data_batch_20251222_115037_66.xml
2025-12-23 14:08:09,753 - INFO - Tamaño detectado: 46 bytes
2025-12-23 14:08:09,792 - INFO - Finalizado intento para data_batch_20251222_115037_66.xml
2025-12-23 14:08:09,792 - INFO - Iniciando proceso: data_batch_20251222_115537_65.csv
2025-12-23 14:08:09,792 - INFO - Tamaño detectado: 39 bytes
2025-12-23 14:08:09,827 - INFO - Finalizado intento para data_batch_20251222_115537_65.csv
2025-12-23 14:08:09,850 - INFO - Iniciando proceso: data_batch_20251222_120037_64.csv
2025-12-23 14:08:09,854 - INFO - Tamaño detectado: 39 bytes
2025-12-23 14:08:09,871 - INFO - Finalizado intento para data_batch_20251222_120037_64.csv
2025-12-23 14:08:09,872 - INFO - Iniciando proceso: data_batch_20251222_120537_63.xml
2025-12-23 14:08:09,872 - INFO - Tamaño detectado: 46 bytes
2025-12-23 14:08:09,898 - INFO - Finalizado intento para data_batch_20251222_120537_63.xml
2025-12-23 14:08:09,902 - INFO - Iniciando proceso: data_batch_20251222_121037_62.xml
2025-12-23 14:08:09,904 - INFO - Tamaño detectado: 46 bytes
2025-12-23 14:08:10,000 - INFO - Finalizado intento para data_batch_20251222_121037_62.xml
2025-12-23 14:08:10,000 - INFO - Iniciando proceso: data_batch_20251222_121537_61.csv
2025-12-23 14:08:10,016 - INFO - Tamaño detectado: 39 bytes
2025-12-23 14:08:10,039 - INFO - Finalizado intento para data_batch_20251222_121537_61.csv
2025-12-23 14:08:10,042 - INFO - Iniciando proceso: data_batch_20251222_122037_60.json
2025-12-23 14:08:10,106 - INFO - Tamaño detectado: 0 bytes
2025-12-23 14:08:10,134 - INFO - Finalizado intento para data_batch_20251222_122037_60.json
2025-12-23 14:08:10,136 - INFO - Iniciando proceso: data_batch_20251222_122537_59.xml
2025-12-23 14:08:10,138 - INFO - Tamaño detectado: 46 bytes
2025-12-23 14:08:10,221 - INFO - Finalizado intento para data_batch_20251222_122537_59.xml
2025-12-23 14:08:10,221 - INFO - Iniciando proceso: data_batch_20251222_123037_58.xml
2025-12-23 14:08:10,221 - INFO - Tamaño detectado: 46 bytes
2025-12-23 14:08:10,280 - INFO - Finalizado intento para data_batch_20251222_123037_58.xml
2025-12-23 14:08:10,280 - INFO - Iniciando proceso: data_batch_20251222_123537_57.log
2025-12-23 14:08:10,280 - INFO - Tamaño detectado: 46 bytes
2025-12-23 14:08:10,400 - INFO - Finalizado intento para data_batch_20251222_123537_57.log
2025-12-23 14:08:10,403 - INFO - Iniciando proceso: data_batch_20251222_124037_56.xml
2025-12-23 14:08:10,405 - INFO - Tamaño detectado: 46 bytes
2025-12-23 14:08:10,472 - INFO - Finalizado intento para data_batch_20251222_124037_56.xml
2025-12-23 14:08:10,476 - INFO - Iniciando proceso: data_batch_20251222_124537_55.xml
2025-12-23 14:08:10,481 - INFO - Tamaño detectado: 46 bytes
2025-12-23 14:08:10,548 - INFO - Finalizado intento para data_batch_20251222_124537_55.xml
2025-12-23 14:08:10,551 - INFO - Iniciando proceso: data_batch_20251222_125037_54.csv
2025-12-23 14:08:10,551 - INFO - Tamaño detectado: 39 bytes
2025-12-23 14:08:10,566 - INFO - Finalizado intento para data_batch_20251222_125037_54.csv
2025-12-23 14:08:10,566 - INFO - Iniciando proceso: data_batch_20251222_125537_53.csv
2025-12-23 14:08:10,608 - INFO - Tamaño detectado: 0 bytes
2025-12-23 14:08:10,637 - INFO - Finalizado intento para data_batch_20251222_125537_53.csv
2025-12-23 14:08:10,637 - INFO - Iniciando proceso: data_batch_20251222_130037_52.csv
2025-12-23 14:08:10,647 - INFO - Tamaño detectado: 0 bytes
2025-12-23 14:08:10,647 - INFO - Finalizado intento para data_batch_20251222_130037_52.csv
2025-12-23 14:08:10,662 - INFO - Iniciando proceso: data_batch_20251222_130537_51.xml
2025-12-23 14:08:10,668 - INFO - Tamaño detectado: 46 bytes
2025-12-23 14:08:10,701 - INFO - Finalizado intento para data_batch_20251222_130537_51.xml
2025-12-23 14:08:10,704 - INFO - Iniciando proceso: data_batch_20251222_131037_50.xml
2025-12-23 14:08:10,707 - INFO - Tamaño detectado: 46 bytes
2025-12-23 14:08:10,778 - INFO - Finalizado intento para data_batch_20251222_131037_50.xml
2025-12-23 14:08:10,781 - INFO - Iniciando proceso: data_batch_20251222_131537_49.csv
2025-12-23 14:08:10,781 - INFO - Tamaño detectado: 39 bytes
2025-12-23 14:08:10,858 - INFO - Finalizado intento para data_batch_20251222_131537_49.csv
2025-12-23 14:08:10,865 - INFO - Iniciando proceso: data_batch_20251222_132037_48.xml
2025-12-23 14:08:10,871 - INFO - Tamaño detectado: 46 bytes
2025-12-23 14:08:10,919 - INFO - Finalizado intento para data_batch_20251222_132037_48.xml
2025-12-23 14:08:10,930 - INFO - Iniciando proceso: data_batch_20251222_132537_47.xml
2025-12-23 14:08:10,931 - INFO - Tamaño detectado: 0 bytes
2025-12-23 14:08:11,009 - INFO - Finalizado intento para data_batch_20251222_132537_47.xml
2025-12-23 14:08:11,016 - INFO - Iniciando proceso: data_batch_20251222_133037_46.log
2025-12-23 14:08:11,019 - INFO - Tamaño detectado: 46 bytes
2025-12-23 14:08:11,070 - INFO - Finalizado intento para data_batch_20251222_133037_46.log
2025-12-23 14:08:11,073 - INFO - Iniciando proceso: data_batch_20251222_133537_45.xml
2025-12-23 14:08:11,076 - INFO - Tamaño detectado: 46 bytes
2025-12-23 14:08:11,127 - INFO - Finalizado intento para data_batch_20251222_133537_45.xml
2025-12-23 14:08:11,131 - INFO - Iniciando proceso: data_batch_20251222_134037_44.log
2025-12-23 14:08:11,136 - INFO - Tamaño detectado: 0 bytes
2025-12-23 14:08:11,211 - INFO - Finalizado intento para data_batch_20251222_134037_44.log
2025-12-23 14:08:11,211 - INFO - Iniciando proceso: data_batch_20251222_134537_43.csv
2025-12-23 14:08:11,220 - INFO - Tamaño detectado: 39 bytes
2025-12-23 14:08:11,289 - INFO - Finalizado intento para data_batch_20251222_134537_43.csv
2025-12-23 14:08:11,292 - INFO - Iniciando proceso: data_batch_20251222_135037_42.xml
2025-12-23 14:08:11,295 - INFO - Tamaño detectado: 46 bytes
2025-12-23 14:08:11,349 - INFO - Finalizado intento para data_batch_20251222_135037_42.xml
2025-12-23 14:08:11,353 - INFO - Iniciando proceso: data_batch_20251222_135537_41.json
2025-12-23 14:08:11,353 - INFO - Tamaño detectado: 57 bytes
2025-12-23 14:08:11,431 - INFO - Finalizado intento para data_batch_20251222_135537_41.json
2025-12-23 14:08:11,431 - INFO - Iniciando proceso: data_batch_20251222_140037_40.log
2025-12-23 14:08:11,441 - INFO - Tamaño detectado: 0 bytes
2025-12-23 14:08:11,492 - INFO - Finalizado intento para data_batch_20251222_140037_40.log
2025-12-23 14:08:11,495 - INFO - Iniciando proceso: data_batch_20251222_140537_39.log
2025-12-23 14:08:11,499 - INFO - Tamaño detectado: 46 bytes
2025-12-23 14:08:11,547 - INFO - Finalizado intento para data_batch_20251222_140537_39.log
2025-12-23 14:08:11,551 - INFO - Iniciando proceso: data_batch_20251222_141037_38.json
2025-12-23 14:08:11,551 - INFO - Tamaño detectado: 57 bytes
2025-12-23 14:08:11,571 - INFO - Finalizado intento para data_batch_20251222_141037_38.json
2025-12-23 14:08:11,571 - INFO - Iniciando proceso: data_batch_20251222_141537_37.log
2025-12-23 14:08:11,582 - INFO - Tamaño detectado: 46 bytes
2025-12-23 14:08:11,612 - INFO - Finalizado intento para data_batch_20251222_141537_37.log
2025-12-23 14:08:11,614 - INFO - Iniciando proceso: data_batch_20251222_142037_36.xml
2025-12-23 14:08:11,619 - INFO - Tamaño detectado: 46 bytes
2025-12-23 14:08:11,638 - INFO - Finalizado intento para data_batch_20251222_142037_36.xml
2025-12-23 14:08:11,640 - INFO - Iniciando proceso: data_batch_20251222_142537_35.log
2025-12-23 14:08:11,652 - INFO - Tamaño detectado: 0 bytes
2025-12-23 14:08:11,673 - INFO - Finalizado intento para data_batch_20251222_142537_35.log
2025-12-23 14:08:11,676 - INFO - Iniciando proceso: data_batch_20251222_143037_34.log
2025-12-23 14:08:11,683 - INFO - Tamaño detectado: 46 bytes
2025-12-23 14:08:11,701 - INFO - Finalizado intento para data_batch_20251222_143037_34.log
2025-12-23 14:08:11,715 - INFO - Iniciando proceso: data_batch_20251222_143537_33.csv
2025-12-23 14:08:11,720 - INFO - Tamaño detectado: 39 bytes
2025-12-23 14:08:11,752 - INFO - Finalizado intento para data_batch_20251222_143537_33.csv
2025-12-23 14:08:11,756 - INFO - Iniciando proceso: data_batch_20251222_144037_32.csv
2025-12-23 14:08:11,766 - INFO - Tamaño detectado: 39 bytes
2025-12-23 14:08:11,793 - INFO - Finalizado intento para data_batch_20251222_144037_32.csv
2025-12-23 14:08:11,798 - INFO - Iniciando proceso: data_batch_20251222_144537_31.log
2025-12-23 14:08:11,802 - INFO - Tamaño detectado: 46 bytes
2025-12-23 14:08:11,834 - INFO - Finalizado intento para data_batch_20251222_144537_31.log
2025-12-23 14:08:11,838 - INFO - Iniciando proceso: data_batch_20251222_145037_30.log
2025-12-23 14:08:11,838 - INFO - Tamaño detectado: 46 bytes
2025-12-23 14:08:11,888 - INFO - Finalizado intento para data_batch_20251222_145037_30.log
2025-12-23 14:08:11,891 - INFO - Iniciando proceso: data_batch_20251222_145537_29.csv
2025-12-23 14:08:11,910 - INFO - Tamaño detectado: 39 bytes
2025-12-23 14:08:11,934 - INFO - Finalizado intento para data_batch_20251222_145537_29.csv
2025-12-23 14:08:11,936 - INFO - Iniciando proceso: data_batch_20251222_150037_28.xml
2025-12-23 14:08:11,939 - INFO - Tamaño detectado: 46 bytes
2025-12-23 14:08:11,988 - INFO - Finalizado intento para data_batch_20251222_150037_28.xml
2025-12-23 14:08:12,037 - INFO - Iniciando proceso: data_batch_20251222_150537_27.xml
2025-12-23 14:08:12,039 - INFO - Tamaño detectado: 0 bytes
2025-12-23 14:08:12,062 - INFO - Finalizado intento para data_batch_20251222_150537_27.xml
2025-12-23 14:08:12,066 - INFO - Iniciando proceso: data_batch_20251222_151037_26.log
2025-12-23 14:08:12,069 - INFO - Tamaño detectado: 46 bytes
2025-12-23 14:08:12,099 - INFO - Finalizado intento para data_batch_20251222_151037_26.log
2025-12-23 14:08:12,109 - INFO - Iniciando proceso: data_batch_20251222_151537_25.json
2025-12-23 14:08:12,112 - INFO - Tamaño detectado: 57 bytes
2025-12-23 14:08:12,127 - INFO - Finalizado intento para data_batch_20251222_151537_25.json
2025-12-23 14:08:12,127 - INFO - Iniciando proceso: data_batch_20251222_152037_24.csv
2025-12-23 14:08:12,139 - INFO - Tamaño detectado: 39 bytes
2025-12-23 14:08:12,264 - INFO - Finalizado intento para data_batch_20251222_152037_24.csv
2025-12-23 14:08:12,264 - INFO - Iniciando proceso: data_batch_20251222_152537_23.csv
2025-12-23 14:08:12,264 - INFO - Tamaño detectado: 39 bytes
2025-12-23 14:08:12,280 - INFO - Finalizado intento para data_batch_20251222_152537_23.csv
2025-12-23 14:08:12,298 - INFO - Iniciando proceso: data_batch_20251222_153037_22.log
2025-12-23 14:08:12,298 - INFO - Tamaño detectado: 46 bytes
2025-12-23 14:08:12,378 - INFO - Finalizado intento para data_batch_20251222_153037_22.log
2025-12-23 14:08:12,385 - INFO - Iniciando proceso: data_batch_20251222_153537_21.xml
2025-12-23 14:08:12,388 - INFO - Tamaño detectado: 46 bytes
2025-12-23 14:08:12,417 - INFO - Finalizado intento para data_batch_20251222_153537_21.xml
2025-12-23 14:08:12,421 - INFO - Iniciando proceso: data_batch_20251222_154037_20.log
2025-12-23 14:08:12,423 - INFO - Tamaño detectado: 0 bytes
2025-12-23 14:08:12,486 - INFO - Finalizado intento para data_batch_20251222_154037_20.log
2025-12-23 14:08:12,489 - INFO - Iniciando proceso: data_batch_20251222_154537_19.json
2025-12-23 14:08:12,491 - INFO - Tamaño detectado: 57 bytes
2025-12-23 14:08:12,514 - INFO - Finalizado intento para data_batch_20251222_154537_19.json
2025-12-23 14:08:12,516 - INFO - Iniciando proceso: data_batch_20251222_155037_18.xml
2025-12-23 14:08:12,516 - INFO - Tamaño detectado: 46 bytes
2025-12-23 14:08:12,560 - INFO - Finalizado intento para data_batch_20251222_155037_18.xml
2025-12-23 14:08:12,564 - INFO - Iniciando proceso: data_batch_20251222_155537_17.json
2025-12-23 14:08:12,567 - INFO - Tamaño detectado: 57 bytes
2025-12-23 14:08:12,785 - INFO - Finalizado intento para data_batch_20251222_155537_17.json
2025-12-23 14:08:12,787 - INFO - Iniciando proceso: data_batch_20251222_160037_16.csv
2025-12-23 14:08:12,789 - INFO - Tamaño detectado: 39 bytes
2025-12-23 14:08:12,807 - INFO - Finalizado intento para data_batch_20251222_160037_16.csv
2025-12-23 14:08:12,809 - INFO - Iniciando proceso: data_batch_20251222_160537_15.csv
2025-12-23 14:08:12,814 - INFO - Tamaño detectado: 0 bytes
2025-12-23 14:08:12,950 - INFO - Finalizado intento para data_batch_20251222_160537_15.csv
2025-12-23 14:08:12,953 - INFO - Iniciando proceso: data_batch_20251222_161037_14.xml
2025-12-23 14:08:12,955 - INFO - Tamaño detectado: 46 bytes
2025-12-23 14:08:12,973 - INFO - Finalizado intento para data_batch_20251222_161037_14.xml
2025-12-23 14:08:12,974 - INFO - Iniciando proceso: data_batch_20251222_161537_13.log
2025-12-23 14:08:12,974 - INFO - Tamaño detectado: 46 bytes
2025-12-23 14:08:13,084 - INFO - Finalizado intento para data_batch_20251222_161537_13.log
2025-12-23 14:08:13,084 - INFO - Iniciando proceso: data_batch_20251222_162037_12.xml
2025-12-23 14:08:13,084 - INFO - Tamaño detectado: 46 bytes
2025-12-23 14:08:13,117 - INFO - Finalizado intento para data_batch_20251222_162037_12.xml
2025-12-23 14:08:13,120 - INFO - Iniciando proceso: data_batch_20251222_162537_11.csv
2025-12-23 14:08:13,123 - INFO - Tamaño detectado: 39 bytes
2025-12-23 14:08:13,149 - INFO - Finalizado intento para data_batch_20251222_162537_11.csv
2025-12-23 14:08:13,149 - INFO - Iniciando proceso: data_batch_20251222_163037_10.log
2025-12-23 14:08:13,149 - INFO - Tamaño detectado: 46 bytes
2025-12-23 14:08:13,165 - INFO - Finalizado intento para data_batch_20251222_163037_10.log
2025-12-23 14:08:13,181 - INFO - Iniciando proceso: data_batch_20251222_163537_9.csv
2025-12-23 14:08:13,181 - INFO - Tamaño detectado: 37 bytes
2025-12-23 14:08:13,211 - INFO - Finalizado intento para data_batch_20251222_163537_9.csv
2025-12-23 14:08:13,216 - INFO - Iniciando proceso: data_batch_20251222_164037_8.log
2025-12-23 14:08:13,219 - INFO - Tamaño detectado: 0 bytes
2025-12-23 14:08:13,238 - INFO - Finalizado intento para data_batch_20251222_164037_8.log
2025-12-23 14:08:13,254 - INFO - Iniciando proceso: data_batch_20251222_164537_7.json
2025-12-23 14:08:13,254 - INFO - Tamaño detectado: 56 bytes
2025-12-23 14:08:13,325 - INFO - Finalizado intento para data_batch_20251222_164537_7.json
2025-12-23 14:08:13,334 - INFO - Iniciando proceso: data_batch_20251222_165037_6.xml
2025-12-23 14:08:13,334 - INFO - Tamaño detectado: 45 bytes
2025-12-23 14:08:13,519 - INFO - Finalizado intento para data_batch_20251222_165037_6.xml
2025-12-23 14:08:13,519 - INFO - Iniciando proceso: data_batch_20251222_165537_5.xml
2025-12-23 14:08:13,519 - INFO - Tamaño detectado: 45 bytes
2025-12-23 14:08:13,529 - INFO - Finalizado intento para data_batch_20251222_165537_5.xml
2025-12-23 14:08:13,547 - INFO - Iniciando proceso: data_batch_20251222_170037_4.log
2025-12-23 14:08:13,550 - INFO - Tamaño detectado: 45 bytes
2025-12-23 14:08:13,631 - INFO - Finalizado intento para data_batch_20251222_170037_4.log
2025-12-23 14:08:13,654 - INFO - Iniciando proceso: data_batch_20251222_170537_3.json
2025-12-23 14:08:13,661 - INFO - Tamaño detectado: 0 bytes
2025-12-23 14:08:13,683 - INFO - Finalizado intento para data_batch_20251222_170537_3.json
2025-12-23 14:08:13,685 - INFO - Iniciando proceso: data_batch_20251222_171037_2.json
2025-12-23 14:08:13,688 - INFO - Tamaño detectado: 56 bytes
2025-12-23 14:08:13,767 - INFO - Finalizado intento para data_batch_20251222_171037_2.json
2025-12-23 14:08:13,767 - INFO - Iniciando proceso: data_batch_20251222_171537_1.json
2025-12-23 14:08:13,781 - INFO - Tamaño detectado: 0 bytes
2025-12-23 14:08:13,808 - INFO - Finalizado intento para data_batch_20251222_171537_1.json
2025-12-23 14:08:13,808 - INFO - ============================================================
2025-12-23 14:08:13,808 - INFO - RESUMEN DE EJECUCIÓN
2025-12-23 14:08:13,821 - INFO - ============================================================
2025-12-23 14:08:13,824 - INFO - Total de archivos procesados: 100
2025-12-23 14:08:13,933 - INFO - Duración: 5.82 segundos
2025-12-23 14:08:13,935 - INFO - ============================================================
